<?xml version="1.0" encoding="UTF-8"?>
<testng-results skipped="0" failed="1" total="4" passed="3">
  <reporter-output>
  </reporter-output>
  <suite name="Yellow" duration-ms="247" started-at="2015-10-14T16:35:53Z" finished-at="2015-10-14T16:35:53Z">
    <groups>
    </groups>
    <test name="new1" duration-ms="8" started-at="2015-10-14T16:35:53Z" finished-at="2015-10-14T16:35:53Z">
      <class name="test.New1">
        <test-method status="PASS" signature="beforeSuite()" name="beforeSuite" is-config="true" duration-ms="18" started-at="2015-10-14T16:35:53Z" finished-at="2015-10-14T16:35:53Z">
        </test-method>
        <test-method status="PASS" signature="fS(java.lang.String, java.lang.String, int)" name="fS" duration-ms="1" started-at="2015-10-14T16:35:53Z" finished-at="2015-10-14T16:35:53Z">
          <params>
            <param index="0">
              <value>
                <![CDATA[Tripti Shergill]]>
              </value>
            </param>
            <param index="1">
              <value>
                <![CDATA[Sr Test Analyst]]>
              </value>
            </param>
            <param index="2">
              <value>
                <![CDATA[7890]]>
              </value>
            </param>
          </params>
        </test-method>
        <test-method status="PASS" signature="fS(java.lang.String, java.lang.String, int)" name="fS" duration-ms="0" started-at="2015-10-14T16:35:53Z" finished-at="2015-10-14T16:35:53Z">
          <params>
            <param index="0">
              <value>
                <![CDATA[Tripti1 khkShergill]]>
              </value>
            </param>
            <param index="1">
              <value>
                <![CDATA[Sr Test1 jkklhAnalyst]]>
              </value>
            </param>
            <param index="2">
              <value>
                <![CDATA[7890909]]>
              </value>
            </param>
          </params>
        </test-method>
        <test-method status="PASS" signature="afterSuite()" name="afterSuite" is-config="true" duration-ms="1" started-at="2015-10-14T16:35:53Z" finished-at="2015-10-14T16:35:53Z">
        </test-method>
      </class>
    </test>
    <test name="newtest" duration-ms="21" started-at="2015-10-14T16:35:53Z" finished-at="2015-10-14T16:35:53Z">
      <class name="test.NewTest">
        <test-method status="PASS" signature="beforeTest()" name="beforeTest" is-config="true" duration-ms="1" started-at="2015-10-14T16:35:53Z" finished-at="2015-10-14T16:35:53Z">
        </test-method>
        <test-method status="PASS" signature="beforeClass()" name="beforeClass" is-config="true" duration-ms="0" started-at="2015-10-14T16:35:53Z" finished-at="2015-10-14T16:35:53Z">
        </test-method>
        <test-method status="PASS" signature="beforeMethod()" name="beforeMethod" is-config="true" duration-ms="1" started-at="2015-10-14T16:35:53Z" finished-at="2015-10-14T16:35:53Z">
        </test-method>
        <test-method status="PASS" signature="f()" name="f" duration-ms="4" started-at="2015-10-14T16:35:53Z" finished-at="2015-10-14T16:35:53Z">
        </test-method>
        <test-method status="PASS" signature="AfterMethod()" name="AfterMethod" is-config="true" duration-ms="1" started-at="2015-10-14T16:35:53Z" finished-at="2015-10-14T16:35:53Z">
        </test-method>
        <test-method status="PASS" signature="beforeMethod()" name="beforeMethod" is-config="true" duration-ms="1" started-at="2015-10-14T16:35:53Z" finished-at="2015-10-14T16:35:53Z">
        </test-method>
        <test-method status="FAIL" signature="s()" name="s" duration-ms="1" started-at="2015-10-14T16:35:53Z" finished-at="2015-10-14T16:35:53Z">
          <exception class="java.lang.AssertionError">
            <message>
              <![CDATA[6 is greater expected:<true> but was:<false>]]>
            </message>
            <full-stacktrace>
              <![CDATA[java.lang.AssertionError: 6 is greater expected:<true> but was:<false>
	at org.testng.Assert.fail(Assert.java:89)
	at org.testng.Assert.failNotEquals(Assert.java:480)
	at org.testng.Assert.assertTrue(Assert.java:37)
	at test.NewTest.s(NewTest.java:22)
	at sun.reflect.NativeMethodAccessorImpl.invoke0(Native Method)
	at sun.reflect.NativeMethodAccessorImpl.invoke(NativeMethodAccessorImpl.java:57)
	at sun.reflect.DelegatingMethodAccessorImpl.invoke(DelegatingMethodAccessorImpl.java:43)
	at java.lang.reflect.Method.invoke(Method.java:601)
	at org.testng.internal.MethodInvocationHelper.invokeMethod(MethodInvocationHelper.java:76)
	at org.testng.internal.Invoker.invokeMethod(Invoker.java:673)
	at org.testng.internal.Invoker.invokeTestMethod(Invoker.java:846)
	at org.testng.internal.Invoker.invokeTestMethods(Invoker.java:1170)
	at org.testng.internal.TestMethodWorker.invokeTestMethods(TestMethodWorker.java:125)
	at org.testng.internal.TestMethodWorker.run(TestMethodWorker.java:109)
	at org.testng.TestRunner.runWorkers(TestRunner.java:1147)
	at org.testng.TestRunner.privateRun(TestRunner.java:749)
	at org.testng.TestRunner.run(TestRunner.java:600)
	at org.testng.SuiteRunner.runTest(SuiteRunner.java:317)
	at org.testng.SuiteRunner.runSequentially(SuiteRunner.java:312)
	at org.testng.SuiteRunner.privateRun(SuiteRunner.java:274)
	at org.testng.SuiteRunner.run(SuiteRunner.java:223)
	at org.testng.SuiteRunnerWorker.runSuite(SuiteRunnerWorker.java:52)
	at org.testng.SuiteRunnerWorker.run(SuiteRunnerWorker.java:86)
	at org.testng.TestNG.runSuitesSequentially(TestNG.java:1039)
	at org.testng.TestNG.runSuitesLocally(TestNG.java:964)
	at org.testng.TestNG.run(TestNG.java:900)
	at org.testng.TestNG.privateMain(TestNG.java:1182)
	at org.testng.TestNG.main(TestNG.java:1146)
]]>
            </full-stacktrace>
          </exception>
        </test-method>
        <test-method status="PASS" signature="AfterMethod()" name="AfterMethod" is-config="true" duration-ms="0" started-at="2015-10-14T16:35:53Z" finished-at="2015-10-14T16:35:53Z">
        </test-method>
      </class>
    </test>
  </suite>
</testng-results>
